{"/home/claude/data-analytics-lib/src/analytics.ts": {"path":"/home/claude/data-analytics-lib/src/analytics.ts","statementMap":{"0":{"start":{"line":2,"column":0},"end":{"line":2,"column":57}},"1":{"start":{"line":4,"column":26},"end":{"line":55,"column":1}},"2":{"start":{"line":5,"column":2},"end":{"line":52,"column":3}},"3":{"start":{"line":6,"column":30},"end":{"line":9,"column":6}},"4":{"start":{"line":11,"column":19},"end":{"line":11,"column":30}},"5":{"start":{"line":12,"column":16},"end":{"line":12,"column":48}},"6":{"start":{"line":14,"column":21},"end":{"line":20,"column":6}},"7":{"start":{"line":22,"column":17},"end":{"line":22,"column":38}},"8":{"start":{"line":24,"column":4},"end":{"line":35,"column":5}},"9":{"start":{"line":25,"column":36},"end":{"line":29,"column":8}},"10":{"start":{"line":31,"column":6},"end":{"line":34,"column":8}},"11":{"start":{"line":37,"column":4},"end":{"line":40,"column":6}},"12":{"start":{"line":42,"column":34},"end":{"line":46,"column":6}},"13":{"start":{"line":48,"column":4},"end":{"line":51,"column":6}},"14":{"start":{"line":4,"column":13},"end":{"line":4,"column":26}}},"fnMap":{"0":{"name":"(anonymous_0)","decl":{"start":{"line":4,"column":26},"end":{"line":4,"column":31}},"loc":{"start":{"line":4,"column":86},"end":{"line":55,"column":1}}}},"branchMap":{"0":{"loc":{"start":{"line":24,"column":4},"end":{"line":35,"column":5}},"type":"if","locations":[{"start":{"line":24,"column":4},"end":{"line":35,"column":5}},{"start":{},"end":{}}]},"1":{"loc":{"start":{"line":27,"column":17},"end":{"line":27,"column":65}},"type":"binary-expr","locations":[{"start":{"line":27,"column":17},"end":{"line":27,"column":29}},{"start":{"line":27,"column":33},"end":{"line":27,"column":65}}]},"2":{"loc":{"start":{"line":44,"column":15},"end":{"line":44,"column":76}},"type":"cond-expr","locations":[{"start":{"line":44,"column":38},"end":{"line":44,"column":49}},{"start":{"line":44,"column":52},"end":{"line":44,"column":76}}]}},"s":{"0":1,"1":1,"2":12,"3":12,"4":12,"5":12,"6":12,"7":10,"8":9,"9":3,"10":3,"11":6,"12":3,"13":3,"14":1},"f":{"0":12},"b":{"0":[3,6],"1":[3,1],"2":[2,1]}}
,"/home/claude/data-analytics-lib/src/config.ts": {"path":"/home/claude/data-analytics-lib/src/config.ts","statementMap":{"0":{"start":{"line":1,"column":22},"end":{"line":1,"column":60}},"1":{"start":{"line":3,"column":20},"end":{"line":3,"column":43}},"2":{"start":{"line":4,"column":21},"end":{"line":4,"column":51}},"3":{"start":{"line":6,"column":25},"end":{"line":14,"column":1}},"4":{"start":{"line":7,"column":18},"end":{"line":7,"column":60}},"5":{"start":{"line":9,"column":2},"end":{"line":11,"column":3}},"6":{"start":{"line":10,"column":4},"end":{"line":10,"column":82}},"7":{"start":{"line":13,"column":2},"end":{"line":13,"column":17}},"8":{"start":{"line":6,"column":13},"end":{"line":6,"column":25}},"9":{"start":{"line":16,"column":13},"end":{"line":16,"column":47}}},"fnMap":{"0":{"name":"(anonymous_0)","decl":{"start":{"line":6,"column":25},"end":{"line":6,"column":36}},"loc":{"start":{"line":6,"column":38},"end":{"line":14,"column":1}}}},"branchMap":{"0":{"loc":{"start":{"line":4,"column":21},"end":{"line":4,"column":51}},"type":"binary-expr","locations":[{"start":{"line":4,"column":21},"end":{"line":4,"column":45}},{"start":{"line":4,"column":49},"end":{"line":4,"column":51}}]},"1":{"loc":{"start":{"line":7,"column":18},"end":{"line":7,"column":60}},"type":"cond-expr","locations":[{"start":{"line":7,"column":34},"end":{"line":7,"column":45}},{"start":{"line":7,"column":48},"end":{"line":7,"column":60}}]},"2":{"loc":{"start":{"line":9,"column":2},"end":{"line":11,"column":3}},"type":"if","locations":[{"start":{"line":9,"column":2},"end":{"line":11,"column":3}},{"start":{},"end":{}}]}},"s":{"0":5,"1":5,"2":5,"3":5,"4":3,"5":3,"6":1,"7":2,"8":5,"9":5},"f":{"0":3},"b":{"0":[5,4],"1":[1,2],"2":[1,2]}}
}
