TN:
SF:src/analytics.ts
FN:4,(anonymous_0)
FNF:1
FNH:1
FNDA:12,(anonymous_0)
DA:2,1
DA:4,1
DA:5,12
DA:6,12
DA:11,12
DA:12,12
DA:14,12
DA:22,10
DA:24,9
DA:25,3
DA:31,3
DA:37,6
DA:42,3
DA:48,3
LF:14
LH:14
BRDA:24,0,0,3
BRDA:24,0,1,6
BRDA:27,1,0,3
BRDA:27,1,1,1
BRDA:44,2,0,2
BRDA:44,2,1,1
BRF:6
BRH:6
end_of_record
TN:
SF:src/config.ts
FN:6,(anonymous_0)
FNF:1
FNH:1
FNDA:3,(anonymous_0)
DA:1,5
DA:3,5
DA:4,5
DA:6,5
DA:7,3
DA:9,3
DA:10,1
DA:13,2
DA:16,5
LF:9
LH:9
BRDA:4,0,0,5
BRDA:4,0,1,4
BRDA:7,1,0,1
BRDA:7,1,1,2
BRDA:9,2,0,1
BRDA:9,2,1,2
BRF:6
BRH:6
end_of_record
